<?xml version="1.0" encoding="UTF-8"?>
<!-- Generated by org.testng.reporters.JUnitXMLReporter -->
<testsuite ignored="1" hostname="BDC11-L-7KKDZ93" failures="3" tests="9" name="Test" time="0.124" errors="0" timestamp="2021-12-30T16:28:37 IST">
  <testcase classname="tests.CalculatorTest" name="testAdd" time="0.006"/>
  <testcase classname="tests.CalculatorTest" name="testMultiply" time="0.001"/>
  <testcase classname="tests.CalculatorTest" name="testPower" time="0.003"/>
  <testcase classname="tests.CalculatorTest" name="testSqrt" time="0.002"/>
  <testcase classname="tests.CalculatorTest" name="testSubtract" time="0.001"/>
  <testcase classname="tests.NegativeTests" name="testDivideByZero" time="0.0"/>
  <testcase classname="tests.NegativeTests" name="testNAdd" time="0.002">
    <failure type="java.lang.AssertionError" message="expected [-4] but found [4]">
      <![CDATA[java.lang.AssertionError: expected [-4] but found [4]
at tests.NegativeTests.testNAdd(NegativeTests.java:34)
at java.base/java.util.ArrayList.forEach(ArrayList.java:1511)
... Removed 32 stack frames]]>
    </failure>
  </testcase> <!-- testNAdd -->
  <testcase classname="tests.NegativeTests" name="testNCos" time="0.01">
    <failure type="java.lang.AssertionError" message="expected [0.0] but found [1.0]">
      <![CDATA[java.lang.AssertionError: expected [0.0] but found [1.0]
at tests.NegativeTests.testNCos(NegativeTests.java:59)
at java.base/java.util.ArrayList.forEach(ArrayList.java:1511)
... Removed 31 stack frames]]>
    </failure>
  </testcase> <!-- testNCos -->
  <testcase classname="tests.NegativeTests" name="testNSin" time="0.001">
    <failure type="java.lang.AssertionError" message="expected [0.8939966636005579] but found [1.0]">
      <![CDATA[java.lang.AssertionError: expected [0.8939966636005579] but found [1.0]
at tests.NegativeTests.testNSin(NegativeTests.java:43)
at java.base/java.util.ArrayList.forEach(ArrayList.java:1511)
... Removed 31 stack frames]]>
    </failure>
  </testcase> <!-- testNSin -->
  <testcase classname="tests.NegativeTests" name="testNPos" time="0.0">
    <ignored/>
  </testcase> <!-- testNPos -->
</testsuite> <!-- Test -->
